--- contention:
cycles/second=2277699260
5464476115 25 @ 0x404a9b 0x47f724 0x47e267 0x402109 0x42e08e 0x45c9d1
2869219498 1 @ 0x4c78eb 0x496ffb 0x47e19f 0x45c9d1
2755291152 2 @ 0x43bee2 0x49b413 0x45c9d1
2294992080 1 @ 0x4c78eb 0x4979e1 0x47e19f 0x45c9d1
2294841131 1 @ 0x404a9b 0x49b46b 0x45c9d1
92829498 7346 @ 0x43bee2 0x489f8f 0x45c9d1
37467540 4346 @ 0x404a9b 0x489b53 0x4910fb 0x47e19f 0x45c9d1
30506653 5652 @ 0x403ad3 0x489f23 0x45c9d1
30240017 5000 @ 0x403ad3 0x489b2c 0x49218b 0x47e19f 0x45c9d1
10960947 2000 @ 0x404a9b 0x4917fc 0x47e19f 0x45c9d1
5030556 655 @ 0x403ad3 0x489b2c 0x4910fb 0x47e19f 0x45c9d1
4627525 500 @ 0x404a9b 0x4924d4 0x47e19f 0x45c9d1
3663596 11 @ 0x43bee2 0x49a3f4 0x49a43c 0x49a815 0x498f25 0x489719 0x45c9d1
3302646 500 @ 0x404a9b 0x491450 0x47e19f 0x45c9d1
2800841 2 @ 0x43bee2 0x49c908 0x49c96b 0x49a815 0x498f25 0x489719 0x45c9d1
2766860 3 @ 0x43bee2 0x499bd0 0x49a815 0x498f25 0x489719 0x45c9d1
2291473 1 @ 0x4c78eb 0x493cee 0x47e19f 0x45c9d1
2180455 2 @ 0x403ad3 0x48b8ca 0x499212 0x498f25 0x489719 0x45c9d1
1558786 3 @ 0x43bee2 0x499f3e 0x49a815 0x498f25 0x489719 0x45c9d1
860779 3 @ 0x43bee2 0x49cb41 0x49a815 0x498f25 0x489719 0x45c9d1
529413 2 @ 0x43bee2 0x49c6d8 0x49c73b 0x49a815 0x498f25 0x489719 0x45c9d1
363456 3 @ 0x43bee2 0x49c26a 0x49c2cb 0x49a815 0x498f25 0x489719 0x45c9d1
243638 6 @ 0x43bee2 0x49a73d 0x49a795 0x49a815 0x498f25 0x489719 0x45c9d1
126036 3 @ 0x43bee2 0x49c4aa 0x49c50b 0x49a815 0x498f25 0x489719 0x45c9d1
106119 3 @ 0x403ad3 0x48b8ca 0x48bb7a 0x49a727 0x49a795 0x49a815 0x498f25 0x489719 0x45c9d1
81512 1 @ 0x403ad3 0x48b8ca 0x493429 0x47e19f 0x45c9d1
61269 1 @ 0x4c78eb 0x494629 0x47e19f 0x45c9d1
59201 1 @ 0x403ad3 0x48b8ca 0x494124 0x47e19f 0x45c9d1
54594 1 @ 0x403ad3 0x48b8ca 0x492ebc 0x47e19f 0x45c9d1
50102 1 @ 0x4c78eb 0x489a81 0x4919e2 0x47e19f 0x45c9d1
47206 1 @ 0x43bee2 0x49aefc 0x49af55 0x49a815 0x498f25 0x489719 0x45c9d1
45402 1 @ 0x403ad3 0x48b8ca 0x493c85 0x47e19f 0x45c9d1
44662 1 @ 0x4c61eb 0x48b9cc 0x4938fa 0x47e19f 0x45c9d1
42246 1 @ 0x403ad3 0x49a9ca 0x498f25 0x489719 0x45c9d1
38762 1 @ 0x4c78eb 0x4934ea 0x47e19f 0x45c9d1
37918 2 @ 0x403ad3 0x489d38 0x45c9d1
35999 1 @ 0x4c78eb 0x49388d 0x47e19f 0x45c9d1
27954 1 @ 0x403ad3 0x48b8ca 0x493777 0x47e19f 0x45c9d1
20458 1 @ 0x403ad3 0x48b8ca 0x49461b 0x47e19f 0x45c9d1
19701 1 @ 0x403ad3 0x48b8ca 0x48bb7a 0x49a3de 0x49a43c 0x49a815 0x498f25 0x489719 0x45c9d1
16818 1 @ 0x4c78eb 0x489a81 0x492850 0x47e19f 0x45c9d1
15551 1 @ 0x403ad3 0x48b76c 0x48bdba 0x49a368 0x49a43c 0x49a815 0x498f25 0x489719 0x45c9d1
15171 1 @ 0x403ad3 0x48b8ca 0x4945c3 0x47e19f 0x45c9d1
12900 1 @ 0x403ad3 0x48b8ca 0x4940cc 0x47e19f 0x45c9d1
9945 1 @ 0x404a9b 0x48fa52 0x47e19f 0x45c9d1
9424 1 @ 0x403ad3 0x48ba2c 0x494696 0x47e19f 0x45c9d1
8716 1 @ 0x404acb 0x489c99 0x45c9d1
